<?xml version="1.0" encoding="UTF-8"?>
<testsuite xmlns:xsi="http://www.w3.org/2001/XMLSchema-instance" xsi:noNamespaceSchemaLocation="https://maven.apache.org/surefire/maven-surefire-plugin/xsd/surefire-test-report.xsd" name="com.example.camel.AppTest" time="0.009" tests="1" errors="0" skipped="0" failures="0">
  <properties>
    <property name="sun.desktop" value="windows"/>
    <property name="awt.toolkit" value="sun.awt.windows.WToolkit"/>
    <property name="java.specification.version" value="12"/>
    <property name="sun.cpu.isalist" value="amd64"/>
    <property name="sun.jnu.encoding" value="Cp1252"/>
    <property name="java.class.path" value="C:\Raghava\Development2\SF-Pet-Clinic\OfficeCamelTest\target\test-classes;C:\Raghava\Development2\SF-Pet-Clinic\OfficeCamelTest\target\classes;C:\Users\draghava\.m2\repository\org\apache\camel\camel-core\3.0.0\camel-core-3.0.0.jar;C:\Users\draghava\.m2\repository\org\apache\camel\camel-core-engine\3.0.0\camel-core-engine-3.0.0.jar;C:\Users\draghava\.m2\repository\org\apache\camel\spi-annotations\3.0.0\spi-annotations-3.0.0.jar;C:\Users\draghava\.m2\repository\org\apache\camel\camel-api\3.0.0\camel-api-3.0.0.jar;C:\Users\draghava\.m2\repository\org\apache\camel\camel-base\3.0.0\camel-base-3.0.0.jar;C:\Users\draghava\.m2\repository\org\apache\camel\camel-jaxp\3.0.0\camel-jaxp-3.0.0.jar;C:\Users\draghava\.m2\repository\org\apache\camel\camel-management-api\3.0.0\camel-management-api-3.0.0.jar;C:\Users\draghava\.m2\repository\org\apache\camel\camel-util\3.0.0\camel-util-3.0.0.jar;C:\Users\draghava\.m2\repository\org\apache\camel\camel-util-json\3.0.0\camel-util-json-3.0.0.jar;C:\Users\draghava\.m2\repository\org\apache\camel\camel-bean\3.0.0\camel-bean-3.0.0.jar;C:\Users\draghava\.m2\repository\org\apache\camel\camel-browse\3.0.0\camel-browse-3.0.0.jar;C:\Users\draghava\.m2\repository\org\apache\camel\camel-caffeine-lrucache\3.0.0\camel-caffeine-lrucache-3.0.0.jar;C:\Users\draghava\.m2\repository\com\github\ben-manes\caffeine\caffeine\2.8.0\caffeine-2.8.0.jar;C:\Users\draghava\.m2\repository\org\apache\camel\camel-controlbus\3.0.0\camel-controlbus-3.0.0.jar;C:\Users\draghava\.m2\repository\org\apache\camel\camel-dataformat\3.0.0\camel-dataformat-3.0.0.jar;C:\Users\draghava\.m2\repository\org\apache\camel\camel-dataset\3.0.0\camel-dataset-3.0.0.jar;C:\Users\draghava\.m2\repository\org\apache\camel\camel-direct\3.0.0\camel-direct-3.0.0.jar;C:\Users\draghava\.m2\repository\org\apache\camel\camel-directvm\3.0.0\camel-directvm-3.0.0.jar;C:\Users\draghava\.m2\repository\org\apache\camel\camel-file\3.0.0\camel-file-3.0.0.jar;C:\Users\draghava\.m2\repository\org\apache\camel\camel-language\3.0.0\camel-language-3.0.0.jar;C:\Users\draghava\.m2\repository\org\apache\camel\camel-log\3.0.0\camel-log-3.0.0.jar;C:\Users\draghava\.m2\repository\org\apache\camel\camel-mock\3.0.0\camel-mock-3.0.0.jar;C:\Users\draghava\.m2\repository\org\apache\camel\camel-ref\3.0.0\camel-ref-3.0.0.jar;C:\Users\draghava\.m2\repository\org\apache\camel\camel-rest\3.0.0\camel-rest-3.0.0.jar;C:\Users\draghava\.m2\repository\org\apache\camel\camel-saga\3.0.0\camel-saga-3.0.0.jar;C:\Users\draghava\.m2\repository\org\apache\camel\camel-scheduler\3.0.0\camel-scheduler-3.0.0.jar;C:\Users\draghava\.m2\repository\org\apache\camel\camel-seda\3.0.0\camel-seda-3.0.0.jar;C:\Users\draghava\.m2\repository\org\apache\camel\camel-stub\3.0.0\camel-stub-3.0.0.jar;C:\Users\draghava\.m2\repository\org\apache\camel\camel-timer\3.0.0\camel-timer-3.0.0.jar;C:\Users\draghava\.m2\repository\org\apache\camel\camel-validator\3.0.0\camel-validator-3.0.0.jar;C:\Users\draghava\.m2\repository\org\apache\camel\camel-vm\3.0.0\camel-vm-3.0.0.jar;C:\Users\draghava\.m2\repository\org\apache\camel\camel-xpath\3.0.0\camel-xpath-3.0.0.jar;C:\Users\draghava\.m2\repository\org\apache\camel\camel-xslt\3.0.0\camel-xslt-3.0.0.jar;C:\Users\draghava\.m2\repository\org\apache\camel\camel-jms\3.0.0\camel-jms-3.0.0.jar;C:\Users\draghava\.m2\repository\org\apache\camel\camel-support\3.0.0\camel-support-3.0.0.jar;C:\Users\draghava\.m2\repository\org\apache\camel\camel-spring\3.0.0\camel-spring-3.0.0.jar;C:\Users\draghava\.m2\repository\org\apache\camel\camel-main\3.0.0\camel-main-3.0.0.jar;C:\Users\draghava\.m2\repository\org\apache\camel\camel-core-xml\3.0.0\camel-core-xml-3.0.0.jar;C:\Users\draghava\.m2\repository\org\springframework\spring-core\5.2.2.RELEASE\spring-core-5.2.2.RELEASE.jar;C:\Users\draghava\.m2\repository\org\springframework\spring-jcl\5.2.2.RELEASE\spring-jcl-5.2.2.RELEASE.jar;C:\Users\draghava\.m2\repository\org\springframework\spring-aop\5.2.2.RELEASE\spring-aop-5.2.2.RELEASE.jar;C:\Users\draghava\.m2\repository\org\springframework\spring-expression\5.2.2.RELEASE\spring-expression-5.2.2.RELEASE.jar;C:\Users\draghava\.m2\repository\org\springframework\spring-jms\5.2.2.RELEASE\spring-jms-5.2.2.RELEASE.jar;C:\Users\draghava\.m2\repository\org\springframework\spring-messaging\5.2.2.RELEASE\spring-messaging-5.2.2.RELEASE.jar;C:\Users\draghava\.m2\repository\org\springframework\spring-context\5.2.2.RELEASE\spring-context-5.2.2.RELEASE.jar;C:\Users\draghava\.m2\repository\org\springframework\spring-tx\5.2.2.RELEASE\spring-tx-5.2.2.RELEASE.jar;C:\Users\draghava\.m2\repository\org\springframework\spring-beans\5.2.2.RELEASE\spring-beans-5.2.2.RELEASE.jar;C:\Users\draghava\.m2\repository\org\apache\geronimo\specs\geronimo-jms_2.0_spec\1.0-alpha-2\geronimo-jms_2.0_spec-1.0-alpha-2.jar;C:\Users\draghava\.m2\repository\org\apache\activemq\activemq-camel\5.15.11\activemq-camel-5.15.11.jar;C:\Users\draghava\.m2\repository\org\apache\activemq\activemq-spring\5.15.11\activemq-spring-5.15.11.jar;C:\Users\draghava\.m2\repository\org\apache\xbean\xbean-spring\4.14\xbean-spring-4.14.jar;C:\Users\draghava\.m2\repository\org\apache\activemq\activemq-broker\5.15.11\activemq-broker-5.15.11.jar;C:\Users\draghava\.m2\repository\org\apache\activemq\activemq-openwire-legacy\5.15.11\activemq-openwire-legacy-5.15.11.jar;C:\Users\draghava\.m2\repository\com\google\guava\guava\28.0-jre\guava-28.0-jre.jar;C:\Users\draghava\.m2\repository\com\google\guava\failureaccess\1.0.1\failureaccess-1.0.1.jar;C:\Users\draghava\.m2\repository\com\google\guava\listenablefuture\9999.0-empty-to-avoid-conflict-with-guava\listenablefuture-9999.0-empty-to-avoid-conflict-with-guava.jar;C:\Users\draghava\.m2\repository\com\google\code\findbugs\jsr305\3.0.2\jsr305-3.0.2.jar;C:\Users\draghava\.m2\repository\org\checkerframework\checker-qual\2.8.1\checker-qual-2.8.1.jar;C:\Users\draghava\.m2\repository\com\google\errorprone\error_prone_annotations\2.3.2\error_prone_annotations-2.3.2.jar;C:\Users\draghava\.m2\repository\com\google\j2objc\j2objc-annotations\1.3\j2objc-annotations-1.3.jar;C:\Users\draghava\.m2\repository\org\codehaus\mojo\animal-sniffer-annotations\1.17\animal-sniffer-annotations-1.17.jar;C:\Users\draghava\.m2\repository\com\fasterxml\jackson\core\jackson-databind\2.10.1\jackson-databind-2.10.1.jar;C:\Users\draghava\.m2\repository\com\fasterxml\jackson\core\jackson-annotations\2.10.1\jackson-annotations-2.10.1.jar;C:\Users\draghava\.m2\repository\com\fasterxml\jackson\core\jackson-core\2.10.1\jackson-core-2.10.1.jar;C:\Users\draghava\.m2\repository\org\apache\activemq\activemq-client\5.15.11\activemq-client-5.15.11.jar;C:\Users\draghava\.m2\repository\org\apache\geronimo\specs\geronimo-jms_1.1_spec\1.1.1\geronimo-jms_1.1_spec-1.1.1.jar;C:\Users\draghava\.m2\repository\org\fusesource\hawtbuf\hawtbuf\1.11\hawtbuf-1.11.jar;C:\Users\draghava\.m2\repository\org\apache\geronimo\specs\geronimo-j2ee-management_1.1_spec\1.0.1\geronimo-j2ee-management_1.1_spec-1.0.1.jar;C:\Users\draghava\.m2\repository\org\apache\activemq\activemq-pool\5.15.11\activemq-pool-5.15.11.jar;C:\Users\draghava\.m2\repository\org\apache\activemq\activemq-jms-pool\5.15.11\activemq-jms-pool-5.15.11.jar;C:\Users\draghava\.m2\repository\org\apache\geronimo\specs\geronimo-jta_1.1_spec\1.1.1\geronimo-jta_1.1_spec-1.1.1.jar;C:\Users\draghava\.m2\repository\org\apache\commons\commons-pool2\2.7.0\commons-pool2-2.7.0.jar;C:\Users\draghava\.m2\repository\org\apache\camel\camel-test\3.0.0\camel-test-3.0.0.jar;C:\Users\draghava\.m2\repository\org\apache\camel\camel-management\3.0.0\camel-management-3.0.0.jar;C:\Users\draghava\.m2\repository\org\slf4j\slf4j-api\1.7.30\slf4j-api-1.7.30.jar;C:\Users\draghava\.m2\repository\org\slf4j\slf4j-log4j12\1.7.30\slf4j-log4j12-1.7.30.jar;C:\Users\draghava\.m2\repository\log4j\log4j\1.2.17\log4j-1.2.17.jar;C:\Users\draghava\.m2\repository\junit\junit\3.8.1\junit-3.8.1.jar;C:\Users\draghava\.m2\repository\javax\xml\bind\jaxb-api\2.3.0\jaxb-api-2.3.0.jar;C:\Users\draghava\.m2\repository\com\sun\xml\bind\jaxb-core\2.3.0\jaxb-core-2.3.0.jar;C:\Users\draghava\.m2\repository\com\sun\xml\bind\jaxb-impl\2.3.0\jaxb-impl-2.3.0.jar;"/>
    <property name="java.vm.vendor" value="Oracle Corporation"/>
    <property name="sun.arch.data.model" value="64"/>
    <property name="user.variant" value=""/>
    <property name="java.vendor.url" value="https://java.oracle.com/"/>
    <property name="user.timezone" value="Asia/Calcutta"/>
    <property name="os.name" value="Windows 10"/>
    <property name="java.vm.specification.version" value="12"/>
    <property name="sun.java.launcher" value="SUN_STANDARD"/>
    <property name="user.country" value="US"/>
    <property name="sun.boot.library.path" value="C:\jdk-12.0.2\bin"/>
    <property name="sun.java.command" value="C:\Users\draghava\AppData\Local\Temp\4\surefire10402550744139798452\surefirebooter2175249322292079843.jar C:\Users\draghava\AppData\Local\Temp\4\surefire10402550744139798452 2020-03-14T23-24-04_306-jvmRun1 surefire12189757417585430933tmp surefire_313354200134093353949tmp"/>
    <property name="jdk.debug" value="release"/>
    <property name="surefire.test.class.path" value="C:\Raghava\Development2\SF-Pet-Clinic\OfficeCamelTest\target\test-classes;C:\Raghava\Development2\SF-Pet-Clinic\OfficeCamelTest\target\classes;C:\Users\draghava\.m2\repository\org\apache\camel\camel-core\3.0.0\camel-core-3.0.0.jar;C:\Users\draghava\.m2\repository\org\apache\camel\camel-core-engine\3.0.0\camel-core-engine-3.0.0.jar;C:\Users\draghava\.m2\repository\org\apache\camel\spi-annotations\3.0.0\spi-annotations-3.0.0.jar;C:\Users\draghava\.m2\repository\org\apache\camel\camel-api\3.0.0\camel-api-3.0.0.jar;C:\Users\draghava\.m2\repository\org\apache\camel\camel-base\3.0.0\camel-base-3.0.0.jar;C:\Users\draghava\.m2\repository\org\apache\camel\camel-jaxp\3.0.0\camel-jaxp-3.0.0.jar;C:\Users\draghava\.m2\repository\org\apache\camel\camel-management-api\3.0.0\camel-management-api-3.0.0.jar;C:\Users\draghava\.m2\repository\org\apache\camel\camel-util\3.0.0\camel-util-3.0.0.jar;C:\Users\draghava\.m2\repository\org\apache\camel\camel-util-json\3.0.0\camel-util-json-3.0.0.jar;C:\Users\draghava\.m2\repository\org\apache\camel\camel-bean\3.0.0\camel-bean-3.0.0.jar;C:\Users\draghava\.m2\repository\org\apache\camel\camel-browse\3.0.0\camel-browse-3.0.0.jar;C:\Users\draghava\.m2\repository\org\apache\camel\camel-caffeine-lrucache\3.0.0\camel-caffeine-lrucache-3.0.0.jar;C:\Users\draghava\.m2\repository\com\github\ben-manes\caffeine\caffeine\2.8.0\caffeine-2.8.0.jar;C:\Users\draghava\.m2\repository\org\apache\camel\camel-controlbus\3.0.0\camel-controlbus-3.0.0.jar;C:\Users\draghava\.m2\repository\org\apache\camel\camel-dataformat\3.0.0\camel-dataformat-3.0.0.jar;C:\Users\draghava\.m2\repository\org\apache\camel\camel-dataset\3.0.0\camel-dataset-3.0.0.jar;C:\Users\draghava\.m2\repository\org\apache\camel\camel-direct\3.0.0\camel-direct-3.0.0.jar;C:\Users\draghava\.m2\repository\org\apache\camel\camel-directvm\3.0.0\camel-directvm-3.0.0.jar;C:\Users\draghava\.m2\repository\org\apache\camel\camel-file\3.0.0\camel-file-3.0.0.jar;C:\Users\draghava\.m2\repository\org\apache\camel\camel-language\3.0.0\camel-language-3.0.0.jar;C:\Users\draghava\.m2\repository\org\apache\camel\camel-log\3.0.0\camel-log-3.0.0.jar;C:\Users\draghava\.m2\repository\org\apache\camel\camel-mock\3.0.0\camel-mock-3.0.0.jar;C:\Users\draghava\.m2\repository\org\apache\camel\camel-ref\3.0.0\camel-ref-3.0.0.jar;C:\Users\draghava\.m2\repository\org\apache\camel\camel-rest\3.0.0\camel-rest-3.0.0.jar;C:\Users\draghava\.m2\repository\org\apache\camel\camel-saga\3.0.0\camel-saga-3.0.0.jar;C:\Users\draghava\.m2\repository\org\apache\camel\camel-scheduler\3.0.0\camel-scheduler-3.0.0.jar;C:\Users\draghava\.m2\repository\org\apache\camel\camel-seda\3.0.0\camel-seda-3.0.0.jar;C:\Users\draghava\.m2\repository\org\apache\camel\camel-stub\3.0.0\camel-stub-3.0.0.jar;C:\Users\draghava\.m2\repository\org\apache\camel\camel-timer\3.0.0\camel-timer-3.0.0.jar;C:\Users\draghava\.m2\repository\org\apache\camel\camel-validator\3.0.0\camel-validator-3.0.0.jar;C:\Users\draghava\.m2\repository\org\apache\camel\camel-vm\3.0.0\camel-vm-3.0.0.jar;C:\Users\draghava\.m2\repository\org\apache\camel\camel-xpath\3.0.0\camel-xpath-3.0.0.jar;C:\Users\draghava\.m2\repository\org\apache\camel\camel-xslt\3.0.0\camel-xslt-3.0.0.jar;C:\Users\draghava\.m2\repository\org\apache\camel\camel-jms\3.0.0\camel-jms-3.0.0.jar;C:\Users\draghava\.m2\repository\org\apache\camel\camel-support\3.0.0\camel-support-3.0.0.jar;C:\Users\draghava\.m2\repository\org\apache\camel\camel-spring\3.0.0\camel-spring-3.0.0.jar;C:\Users\draghava\.m2\repository\org\apache\camel\camel-main\3.0.0\camel-main-3.0.0.jar;C:\Users\draghava\.m2\repository\org\apache\camel\camel-core-xml\3.0.0\camel-core-xml-3.0.0.jar;C:\Users\draghava\.m2\repository\org\springframework\spring-core\5.2.2.RELEASE\spring-core-5.2.2.RELEASE.jar;C:\Users\draghava\.m2\repository\org\springframework\spring-jcl\5.2.2.RELEASE\spring-jcl-5.2.2.RELEASE.jar;C:\Users\draghava\.m2\repository\org\springframework\spring-aop\5.2.2.RELEASE\spring-aop-5.2.2.RELEASE.jar;C:\Users\draghava\.m2\repository\org\springframework\spring-expression\5.2.2.RELEASE\spring-expression-5.2.2.RELEASE.jar;C:\Users\draghava\.m2\repository\org\springframework\spring-jms\5.2.2.RELEASE\spring-jms-5.2.2.RELEASE.jar;C:\Users\draghava\.m2\repository\org\springframework\spring-messaging\5.2.2.RELEASE\spring-messaging-5.2.2.RELEASE.jar;C:\Users\draghava\.m2\repository\org\springframework\spring-context\5.2.2.RELEASE\spring-context-5.2.2.RELEASE.jar;C:\Users\draghava\.m2\repository\org\springframework\spring-tx\5.2.2.RELEASE\spring-tx-5.2.2.RELEASE.jar;C:\Users\draghava\.m2\repository\org\springframework\spring-beans\5.2.2.RELEASE\spring-beans-5.2.2.RELEASE.jar;C:\Users\draghava\.m2\repository\org\apache\geronimo\specs\geronimo-jms_2.0_spec\1.0-alpha-2\geronimo-jms_2.0_spec-1.0-alpha-2.jar;C:\Users\draghava\.m2\repository\org\apache\activemq\activemq-camel\5.15.11\activemq-camel-5.15.11.jar;C:\Users\draghava\.m2\repository\org\apache\activemq\activemq-spring\5.15.11\activemq-spring-5.15.11.jar;C:\Users\draghava\.m2\repository\org\apache\xbean\xbean-spring\4.14\xbean-spring-4.14.jar;C:\Users\draghava\.m2\repository\org\apache\activemq\activemq-broker\5.15.11\activemq-broker-5.15.11.jar;C:\Users\draghava\.m2\repository\org\apache\activemq\activemq-openwire-legacy\5.15.11\activemq-openwire-legacy-5.15.11.jar;C:\Users\draghava\.m2\repository\com\google\guava\guava\28.0-jre\guava-28.0-jre.jar;C:\Users\draghava\.m2\repository\com\google\guava\failureaccess\1.0.1\failureaccess-1.0.1.jar;C:\Users\draghava\.m2\repository\com\google\guava\listenablefuture\9999.0-empty-to-avoid-conflict-with-guava\listenablefuture-9999.0-empty-to-avoid-conflict-with-guava.jar;C:\Users\draghava\.m2\repository\com\google\code\findbugs\jsr305\3.0.2\jsr305-3.0.2.jar;C:\Users\draghava\.m2\repository\org\checkerframework\checker-qual\2.8.1\checker-qual-2.8.1.jar;C:\Users\draghava\.m2\repository\com\google\errorprone\error_prone_annotations\2.3.2\error_prone_annotations-2.3.2.jar;C:\Users\draghava\.m2\repository\com\google\j2objc\j2objc-annotations\1.3\j2objc-annotations-1.3.jar;C:\Users\draghava\.m2\repository\org\codehaus\mojo\animal-sniffer-annotations\1.17\animal-sniffer-annotations-1.17.jar;C:\Users\draghava\.m2\repository\com\fasterxml\jackson\core\jackson-databind\2.10.1\jackson-databind-2.10.1.jar;C:\Users\draghava\.m2\repository\com\fasterxml\jackson\core\jackson-annotations\2.10.1\jackson-annotations-2.10.1.jar;C:\Users\draghava\.m2\repository\com\fasterxml\jackson\core\jackson-core\2.10.1\jackson-core-2.10.1.jar;C:\Users\draghava\.m2\repository\org\apache\activemq\activemq-client\5.15.11\activemq-client-5.15.11.jar;C:\Users\draghava\.m2\repository\org\apache\geronimo\specs\geronimo-jms_1.1_spec\1.1.1\geronimo-jms_1.1_spec-1.1.1.jar;C:\Users\draghava\.m2\repository\org\fusesource\hawtbuf\hawtbuf\1.11\hawtbuf-1.11.jar;C:\Users\draghava\.m2\repository\org\apache\geronimo\specs\geronimo-j2ee-management_1.1_spec\1.0.1\geronimo-j2ee-management_1.1_spec-1.0.1.jar;C:\Users\draghava\.m2\repository\org\apache\activemq\activemq-pool\5.15.11\activemq-pool-5.15.11.jar;C:\Users\draghava\.m2\repository\org\apache\activemq\activemq-jms-pool\5.15.11\activemq-jms-pool-5.15.11.jar;C:\Users\draghava\.m2\repository\org\apache\geronimo\specs\geronimo-jta_1.1_spec\1.1.1\geronimo-jta_1.1_spec-1.1.1.jar;C:\Users\draghava\.m2\repository\org\apache\commons\commons-pool2\2.7.0\commons-pool2-2.7.0.jar;C:\Users\draghava\.m2\repository\org\apache\camel\camel-test\3.0.0\camel-test-3.0.0.jar;C:\Users\draghava\.m2\repository\org\apache\camel\camel-management\3.0.0\camel-management-3.0.0.jar;C:\Users\draghava\.m2\repository\org\slf4j\slf4j-api\1.7.30\slf4j-api-1.7.30.jar;C:\Users\draghava\.m2\repository\org\slf4j\slf4j-log4j12\1.7.30\slf4j-log4j12-1.7.30.jar;C:\Users\draghava\.m2\repository\log4j\log4j\1.2.17\log4j-1.2.17.jar;C:\Users\draghava\.m2\repository\junit\junit\3.8.1\junit-3.8.1.jar;C:\Users\draghava\.m2\repository\javax\xml\bind\jaxb-api\2.3.0\jaxb-api-2.3.0.jar;C:\Users\draghava\.m2\repository\com\sun\xml\bind\jaxb-core\2.3.0\jaxb-core-2.3.0.jar;C:\Users\draghava\.m2\repository\com\sun\xml\bind\jaxb-impl\2.3.0\jaxb-impl-2.3.0.jar;"/>
    <property name="sun.cpu.endian" value="little"/>
    <property name="user.home" value="C:\Users\draghava"/>
    <property name="user.language" value="en"/>
    <property name="java.specification.vendor" value="Oracle Corporation"/>
    <property name="java.version.date" value="2019-07-16"/>
    <property name="java.home" value="C:\jdk-12.0.2"/>
    <property name="file.separator" value="\"/>
    <property name="style.color" value="always"/>
    <property name="basedir" value="C:\Raghava\Development2\SF-Pet-Clinic\OfficeCamelTest"/>
    <property name="java.vm.compressedOopsMode" value="Zero based"/>
    <property name="line.separator" value="&#10;"/>
    <property name="java.vm.specification.vendor" value="Oracle Corporation"/>
    <property name="java.specification.name" value="Java Platform API Specification"/>
    <property name="java.awt.graphicsenv" value="sun.awt.Win32GraphicsEnvironment"/>
    <property name="surefire.real.class.path" value="C:\Users\draghava\AppData\Local\Temp\4\surefire10402550744139798452\surefirebooter2175249322292079843.jar"/>
    <property name="user.script" value=""/>
    <property name="sun.management.compiler" value="HotSpot 64-Bit Tiered Compilers"/>
    <property name="java.runtime.version" value="12.0.2+10"/>
    <property name="user.name" value="draghava"/>
    <property name="path.separator" value=";"/>
    <property name="os.version" value="10.0"/>
    <property name="java.runtime.name" value="OpenJDK Runtime Environment"/>
    <property name="file.encoding" value="Cp1252"/>
    <property name="java.vm.name" value="OpenJDK 64-Bit Server VM"/>
    <property name="localRepository" value="C:\Users\draghava\.m2\repository"/>
    <property name="java.vendor.url.bug" value="https://bugreport.java.com/bugreport/"/>
    <property name="java.io.tmpdir" value="C:\Users\draghava\AppData\Local\Temp\4\"/>
    <property name="java.version" value="12.0.2"/>
    <property name="user.dir" value="C:\Raghava\Development2\SF-Pet-Clinic\OfficeCamelTest"/>
    <property name="os.arch" value="amd64"/>
    <property name="java.vm.specification.name" value="Java Virtual Machine Specification"/>
    <property name="sun.os.patch.level" value=""/>
    <property name="java.library.path" value="C:\jdk-12.0.2\bin;C:\WINDOWS\Sun\Java\bin;C:\WINDOWS\system32;C:\WINDOWS;C:/jdk-12.0.2/bin/server;C:/jdk-12.0.2/bin;C:\ProgramData\DockerDesktop\version-bin;C:\Program Files\Docker\Docker\Resources\bin;C:\WINDOWS\system32;C:\WINDOWS;C:\WINDOWS\System32\Wbem;C:\WINDOWS\System32\WindowsPowerShell\v1.0\;C:\WINDOWS\System32\OpenSSH\;C:\jdk-12.0.2\bin;C:\Program Files\dotnet\;C:\Program Files\Microsoft SQL Server\130\Tools\Binn\;C:\Program Files\Microsoft SQL Server\Client SDK\ODBC\170\Tools\Binn\;C:\Program Files\Git\cmd;C:\Raghava\Software\apache-maven-3.6.3\bin;C:\Program Files (x86)\Brackets\command;C:\Program Files\MySQL\MySQL Shell 8.0\bin\;%USERPROFILE%\AppData\Local\Microsoft\WindowsApps;;C:\Raghava\Software\sts-4.4.0.RELEASE;;."/>
    <property name="java.vm.info" value="mixed mode, sharing"/>
    <property name="java.vendor" value="Oracle Corporation"/>
    <property name="java.vm.version" value="12.0.2+10"/>
    <property name="sun.io.unicode.encoding" value="UnicodeLittle"/>
    <property name="java.class.version" value="56.0"/>
  </properties>
  <testcase name="testApp" classname="com.example.camel.AppTest" time="0.001"/>
</testsuite>